[0.009s] Invoking command in '/home/jsyun/Programming/ROS2/automotive_software_lecture/simulator_projects/002_automotive_software_lon/build/ad_msgs': CMAKE_PREFIX_PATH=${CMAKE_PREFIX_PATH}:/opt/ros/humble /usr/bin/cmake --build /home/jsyun/Programming/ROS2/automotive_software_lecture/simulator_projects/002_automotive_software_lon/build/ad_msgs -- -j12 -l12
[0.031s] -- Found ament_cmake: 1.3.10 (/opt/ros/humble/share/ament_cmake/cmake)
[0.117s] -- Override CMake install command with custom implementation using symlinks instead of copying resources
[0.122s] -- Found rosidl_default_generators: 1.2.0 (/opt/ros/humble/share/rosidl_default_generators/cmake)
[0.123s] -- Using all available rosidl_typesupport_c: rosidl_typesupport_fastrtps_c;rosidl_typesupport_introspection_c
[0.125s] -- Found rosidl_adapter: 3.1.5 (/opt/ros/humble/share/rosidl_adapter/cmake)
[0.148s] -- Using all available rosidl_typesupport_cpp: rosidl_typesupport_fastrtps_cpp;rosidl_typesupport_introspection_cpp
[0.165s] -- Found std_msgs: 4.2.4 (/opt/ros/humble/share/std_msgs/cmake)
[0.181s] -- Found geometry_msgs: 4.2.4 (/opt/ros/humble/share/geometry_msgs/cmake)
[0.189s] -- Found visualization_msgs: 4.2.4 (/opt/ros/humble/share/visualization_msgs/cmake)
[0.215s] -- Found nav_msgs: 4.2.4 (/opt/ros/humble/share/nav_msgs/cmake)
[0.349s] [31mCMake Error at /opt/ros/humble/share/rosidl_adapter/cmake/rosidl_adapt_interfaces.cmake:59 (message):
[0.349s]   execute_process(/usr/bin/python3 -m rosidl_adapter --package-name ad_msgs
[0.349s]   --arguments-file
[0.349s]   /home/jsyun/Programming/ROS2/automotive_software_lecture/simulator_projects/002_automotive_software_lon/build/ad_msgs/rosidl_adapter__arguments__ad_msgs.json
[0.349s]   --output-dir
[0.349s]   /home/jsyun/Programming/ROS2/automotive_software_lecture/simulator_projects/002_automotive_software_lon/build/ad_msgs/rosidl_adapter/ad_msgs
[0.349s]   --output-file
[0.349s]   /home/jsyun/Programming/ROS2/automotive_software_lecture/simulator_projects/002_automotive_software_lon/build/ad_msgs/rosidl_adapter/ad_msgs.idls)
[0.349s]   returned error code 1:
[0.350s] 
[0.350s]   Error processing 'float64float64 steering' of 'ad_msgs/VehicleInput':
[0.350s]   ''float64float64' is an invalid message name.  It should have the pattern
[0.350s]   '^[A-Z][A-Za-z0-9]*$''
[0.350s] 
[0.350s]   Traceback (most recent call last):
[0.350s] 
[0.350s]     File "/usr/lib/python3.10/runpy.py", line 196, in _run_module_as_main
[0.350s]       return _run_code(code, main_globals, None,
[0.350s]     File "/usr/lib/python3.10/runpy.py", line 86, in _run_code
[0.350s]       exec(code, run_globals)
[0.350s]     File "/opt/ros/humble/local/lib/python3.10/dist-packages/rosidl_adapter/__main__.py", line 19, in <module>
[0.350s]       sys.exit(main())
[0.350s]     File "/opt/ros/humble/local/lib/python3.10/dist-packages/rosidl_adapter/main.py", line 53, in main
[0.350s]       abs_idl_file = convert_to_idl(
[0.350s]     File "/opt/ros/humble/local/lib/python3.10/dist-packages/rosidl_adapter/__init__.py", line 19, in convert_to_idl
[0.350s]       return convert_msg_to_idl(
[0.350s]     File "/opt/ros/humble/local/lib/python3.10/dist-packages/rosidl_adapter/msg/__init__.py", line 28, in convert_msg_to_idl
[0.350s]       msg = parse_message_string(package_name, input_file.stem, content)
[0.350s]     File "/opt/ros/humble/local/lib/python3.10/dist-packages/rosidl_adapter/parser.py", line 520, in parse_message_string
[0.350s]       Type(type_string, context_package_name=pkg_name),
[0.350s]     File "/opt/ros/humble/local/lib/python3.10/dist-packages/rosidl_adapter/parser.py", line 277, in __init__
[0.350s]       super(Type, self).__init__(
[0.350s]     File "/opt/ros/humble/local/lib/python3.10/dist-packages/rosidl_adapter/parser.py", line 205, in __init__
[0.350s]       raise InvalidResourceName(
[0.350s] 
[0.350s]   rosidl_adapter.parser.InvalidResourceName: 'float64float64' is an invalid
[0.350s]   message name.  It should have the pattern '^[A-Z][A-Za-z0-9]*$'
[0.350s] 
[0.350s] Call Stack (most recent call first):
[0.351s]   /opt/ros/humble/share/rosidl_cmake/cmake/rosidl_generate_interfaces.cmake:130 (rosidl_adapt_interfaces)
[0.351s]   CMakeLists.txt:50 (rosidl_generate_interfaces)
[0.351s] 
[0.351s] [0m
[0.351s] -- Configuring incomplete, errors occurred!
[0.351s] See also "/home/jsyun/Programming/ROS2/automotive_software_lecture/simulator_projects/002_automotive_software_lon/build/ad_msgs/CMakeFiles/CMakeOutput.log".
[0.354s] gmake: *** [Makefile:1827: cmake_check_build_system] Error 1
[0.357s] Invoked command in '/home/jsyun/Programming/ROS2/automotive_software_lecture/simulator_projects/002_automotive_software_lon/build/ad_msgs' returned '2': CMAKE_PREFIX_PATH=${CMAKE_PREFIX_PATH}:/opt/ros/humble /usr/bin/cmake --build /home/jsyun/Programming/ROS2/automotive_software_lecture/simulator_projects/002_automotive_software_lon/build/ad_msgs -- -j12 -l12
