[0.012s] Invoking command in '/home/jsyun/Programming/ROS2/automotive_software_lecture/simulator_projects/002_automotive_software_lon/build/autonomous_driving': CMAKE_PREFIX_PATH=/home/jsyun/Programming/ROS2/automotive_software_lecture/simulator_projects/002_automotive_software_lon/install/ad_msgs:/home/jsyun/Programming/ROS2/automotive_software_lecture/simulator_projects/002_automotive_software_lon/install/speed_limiter:/home/jsyun/Programming/ROS2/automotive_software_lecture/simulator_projects/002_automotive_software_lon/install/simulator:/home/jsyun/Programming/ROS2/automotive_software_lecture/simulator_projects/002_automotive_software_lon/install/autonomous_driving:/home/jsyun/Programming/ROS2/automotive_software_lecture/ros2_turtlesim_project/install/turtlesim_project:/home/jsyun/Programming/ROS2/automotive_software_lecture/ros2_turtlesim_project/install/custom_interfaces:/opt/ros/humble /usr/bin/cmake --build /home/jsyun/Programming/ROS2/automotive_software_lecture/simulator_projects/002_automotive_software_lon/build/autonomous_driving -- -j12 -l12
[0.049s] [35m[1mConsolidate compiler generated dependencies of target autonomous_driving[0m
[0.063s] [ 50%] [32mBuilding CXX object CMakeFiles/autonomous_driving.dir/src/autonomous_driving.cpp.o[0m
[1.980s] [01m[K/home/jsyun/Programming/ROS2/automotive_software_lecture/simulator_projects/002_automotive_software_lon/src/app/autonomous_driving/src/autonomous_driving.cpp:[m[K In member function â€˜[01m[Kvoid AutonomousDriving::Init(const rclcpp::Time&)[m[Kâ€™:
[1.980s] [01m[K/home/jsyun/Programming/ROS2/automotive_software_lecture/simulator_projects/002_automotive_software_lon/src/app/autonomous_driving/src/autonomous_driving.cpp:125:50:[m[K [01;35m[Kwarning: [m[Kunused parameter â€˜[01m[Kcurrent_time[m[Kâ€™ [[01;35m[K]8;;https://gcc.gnu.org/onlinedocs/gcc/Warning-Options.html#index-Wunused-parameter-Wunused-parameter]8;;[m[K]
[1.980s]   125 | void AutonomousDriving::Init([01;35m[Kconst rclcpp::Time &current_time[m[K) {
[1.980s]       |                              [01;35m[K~~~~~~~~~~~~~~~~~~~~^~~~~~~~~~~~[m[K
[1.980s] [01m[K/home/jsyun/Programming/ROS2/automotive_software_lecture/simulator_projects/002_automotive_software_lon/src/app/autonomous_driving/src/autonomous_driving.cpp:[m[K In member function â€˜[01m[Kvoid AutonomousDriving::Run(const rclcpp::Time&)[m[Kâ€™:
[1.981s] [01m[K/home/jsyun/Programming/ROS2/automotive_software_lecture/simulator_projects/002_automotive_software_lon/src/app/autonomous_driving/src/autonomous_driving.cpp:171:50:[m[K [01;31m[Kerror: [m[Kexpected primary-expression before â€˜[01m[Kmsg[m[Kâ€™
[1.981s]   171 |       auto speed_j = ad_msgs::msg::VehicleOutput [01;31m[Kmsg[m[K;
[1.981s]       |                                                  [01;31m[K^~~[m[K
[1.981s] [01m[K/home/jsyun/Programming/ROS2/automotive_software_lecture/simulator_projects/002_automotive_software_lon/src/app/autonomous_driving/src/autonomous_driving.cpp:149:12:[m[K [01;35m[Kwarning: [m[Kunused variable â€˜[01m[Klimit_speed[m[Kâ€™ [[01;35m[K]8;;https://gcc.gnu.org/onlinedocs/gcc/Warning-Options.html#index-Wunused-variable-Wunused-variable]8;;[m[K]
[1.981s]   149 |     double [01;35m[Klimit_speed[m[K = i_limit_speed_;
[1.981s]       |            [01;35m[K^~~~~~~~~~~[m[K
[1.981s] [01m[K/home/jsyun/Programming/ROS2/automotive_software_lecture/simulator_projects/002_automotive_software_lon/src/app/autonomous_driving/src/autonomous_driving.cpp:[m[K In member function â€˜[01m[Kvoid AutonomousDriving::Publish(const rclcpp::Time&)[m[Kâ€™:
[1.981s] [01m[K/home/jsyun/Programming/ROS2/automotive_software_lecture/simulator_projects/002_automotive_software_lon/src/app/autonomous_driving/src/autonomous_driving.cpp:189:53:[m[K [01;35m[Kwarning: [m[Kunused parameter â€˜[01m[Kcurrent_time[m[Kâ€™ [[01;35m[K]8;;https://gcc.gnu.org/onlinedocs/gcc/Warning-Options.html#index-Wunused-parameter-Wunused-parameter]8;;[m[K]
[1.981s]   189 | void AutonomousDriving::Publish([01;35m[Kconst rclcpp::Time &current_time[m[K) {
[1.981s]       |                                 [01;35m[K~~~~~~~~~~~~~~~~~~~~^~~~~~~~~~~~[m[K
[6.308s] gmake[2]: *** [CMakeFiles/autonomous_driving.dir/build.make:76: CMakeFiles/autonomous_driving.dir/src/autonomous_driving.cpp.o] Error 1
[6.308s] gmake[1]: *** [CMakeFiles/Makefile2:137: CMakeFiles/autonomous_driving.dir/all] Error 2
[6.308s] gmake: *** [Makefile:146: all] Error 2
[6.310s] Invoked command in '/home/jsyun/Programming/ROS2/automotive_software_lecture/simulator_projects/002_automotive_software_lon/build/autonomous_driving' returned '2': CMAKE_PREFIX_PATH=/home/jsyun/Programming/ROS2/automotive_software_lecture/simulator_projects/002_automotive_software_lon/install/ad_msgs:/home/jsyun/Programming/ROS2/automotive_software_lecture/simulator_projects/002_automotive_software_lon/install/speed_limiter:/home/jsyun/Programming/ROS2/automotive_software_lecture/simulator_projects/002_automotive_software_lon/install/simulator:/home/jsyun/Programming/ROS2/automotive_software_lecture/simulator_projects/002_automotive_software_lon/install/autonomous_driving:/home/jsyun/Programming/ROS2/automotive_software_lecture/ros2_turtlesim_project/install/turtlesim_project:/home/jsyun/Programming/ROS2/automotive_software_lecture/ros2_turtlesim_project/install/custom_interfaces:/opt/ros/humble /usr/bin/cmake --build /home/jsyun/Programming/ROS2/automotive_software_lecture/simulator_projects/002_automotive_software_lon/build/autonomous_driving -- -j12 -l12
